16:26:35.373 [main] DEBUG io.netty.util.concurrent.GlobalEventExecutor - -Dio.netty.globalEventExecutor.quietPeriodSeconds: 1
16:26:35.409 [main] DEBUG io.netty.channel.MultithreadEventLoopGroup - -Dio.netty.eventLoopThreads: 8
16:26:35.445 [main] DEBUG io.netty.channel.nio.NioEventLoop - -Dio.netty.noKeySetOptimization: false
16:26:35.445 [main] DEBUG io.netty.channel.nio.NioEventLoop - -Dio.netty.selectorAutoRebuildThreshold: 512
16:26:35.561 [main] DEBUG io.netty.buffer.PooledByteBufAllocator - -Dio.netty.allocator.numHeapArenas: 8
16:26:35.562 [main] DEBUG io.netty.buffer.PooledByteBufAllocator - -Dio.netty.allocator.numDirectArenas: 8
16:26:35.562 [main] DEBUG io.netty.buffer.PooledByteBufAllocator - -Dio.netty.allocator.pageSize: 8192
16:26:35.562 [main] DEBUG io.netty.buffer.PooledByteBufAllocator - -Dio.netty.allocator.maxOrder: 9
16:26:35.562 [main] DEBUG io.netty.buffer.PooledByteBufAllocator - -Dio.netty.allocator.chunkSize: 4194304
16:26:35.562 [main] DEBUG io.netty.buffer.PooledByteBufAllocator - -Dio.netty.allocator.smallCacheSize: 256
16:26:35.562 [main] DEBUG io.netty.buffer.PooledByteBufAllocator - -Dio.netty.allocator.normalCacheSize: 64
16:26:35.562 [main] DEBUG io.netty.buffer.PooledByteBufAllocator - -Dio.netty.allocator.maxCachedBufferCapacity: 32768
16:26:35.562 [main] DEBUG io.netty.buffer.PooledByteBufAllocator - -Dio.netty.allocator.cacheTrimInterval: 8192
16:26:35.562 [main] DEBUG io.netty.buffer.PooledByteBufAllocator - -Dio.netty.allocator.cacheTrimIntervalMillis: 0
16:26:35.562 [main] DEBUG io.netty.buffer.PooledByteBufAllocator - -Dio.netty.allocator.useCacheForAllThreads: false
16:26:35.562 [main] DEBUG io.netty.buffer.PooledByteBufAllocator - -Dio.netty.allocator.maxCachedByteBuffersPerChunk: 1023
16:26:35.583 [main] DEBUG io.netty.buffer.ByteBufUtil - -Dio.netty.allocator.type: pooled
16:26:35.584 [main] DEBUG io.netty.buffer.ByteBufUtil - -Dio.netty.threadLocalDirectBufferSize: 0
16:26:35.584 [main] DEBUG io.netty.buffer.ByteBufUtil - -Dio.netty.maxThreadLocalCharBufferSize: 16384
16:26:36.530 [Forwarding newSession on session null to remote] DEBUG io.netty.channel.DefaultChannelId - -Dio.netty.processId: 39436 (auto-detected)
16:26:36.537 [Forwarding newSession on session null to remote] DEBUG io.netty.util.NetUtil - -Djava.net.preferIPv4Stack: false
16:26:36.537 [Forwarding newSession on session null to remote] DEBUG io.netty.util.NetUtil - -Djava.net.preferIPv6Addresses: false
16:26:36.552 [Forwarding newSession on session null to remote] DEBUG io.netty.util.NetUtilInitializations - Loopback interface: lo (Software Loopback Interface 1, 127.0.0.1)
16:26:36.555 [Forwarding newSession on session null to remote] DEBUG io.netty.util.NetUtil - Failed to get SOMAXCONN from sysctl and file \proc\sys\net\core\somaxconn. Default: 200
16:26:36.576 [Forwarding newSession on session null to remote] DEBUG io.netty.channel.DefaultChannelId - -Dio.netty.machineId: 34:cf:f6:ff:fe:de:ba:76 (auto-detected)
16:26:36.665 [AsyncHttpClient-1-2] DEBUG io.netty.buffer.AbstractByteBuf - -Dio.netty.buffer.checkAccessible: true
16:26:36.666 [AsyncHttpClient-1-2] DEBUG io.netty.buffer.AbstractByteBuf - -Dio.netty.buffer.checkBounds: true
16:26:36.666 [AsyncHttpClient-1-2] DEBUG io.netty.util.ResourceLeakDetectorFactory - Loaded default ResourceLeakDetector: io.netty.util.ResourceLeakDetector@4c2dccaf
16:26:36.710 [AsyncHttpClient-1-2] DEBUG io.netty.util.Recycler - -Dio.netty.recycler.maxCapacityPerThread: 4096
16:26:36.710 [AsyncHttpClient-1-2] DEBUG io.netty.util.Recycler - -Dio.netty.recycler.ratio: 8
16:26:36.710 [AsyncHttpClient-1-2] DEBUG io.netty.util.Recycler - -Dio.netty.recycler.chunkSize: 32
16:26:36.710 [AsyncHttpClient-1-2] DEBUG io.netty.util.Recycler - -Dio.netty.recycler.blocking: false
16:26:36.711 [AsyncHttpClient-1-2] DEBUG io.netty.util.Recycler - -Dio.netty.recycler.batchFastThreadLocalOnly: true
16:26:39.312 [AsyncHttpClient-1-2] DEBUG io.netty.handler.codec.compression.Brotli - brotli4j not in the classpath; Brotli support will be unavailable.
16:26:39.567 [main] DEBUG io.netty.util.internal.ThreadLocalRandom - -Dio.netty.initialSeedUniquifier: 0x6671538800b9af21
16:26:41.375 [main] INFO  testCases.TC_001_AccountRegistrationTest - *** Starting TC_001_AccountRegistrationTest ***
16:26:42.322 [main] INFO  testCases.TC_001_AccountRegistrationTest - Clicked on My Account Link
16:26:43.114 [main] INFO  testCases.TC_001_AccountRegistrationTest - Clicked on registered link
16:26:43.121 [main] INFO  testCases.TC_001_AccountRegistrationTest - Providing customer data
16:26:50.643 [main] INFO  testCases.TC_001_AccountRegistrationTest - Clicked on continue
16:26:50.718 [main] INFO  testCases.TC_001_AccountRegistrationTest - Validating expected message
16:26:50.725 [main] INFO  testCases.TC_001_AccountRegistrationTest - *** Finished TC_001_AccountRegistrationTest***
15:10:42.194 [main] DEBUG io.netty.util.internal.logging.InternalLoggerFactory - Using Log4J2 as the default logging framework
15:10:42.214 [main] DEBUG io.netty.util.ResourceLeakDetector - -Dio.netty.leakDetection.level: simple
15:10:42.214 [main] DEBUG io.netty.util.ResourceLeakDetector - -Dio.netty.leakDetection.targetRecords: 4
15:10:42.219 [main] DEBUG io.netty.util.ResourceLeakDetectorFactory - Loaded default ResourceLeakDetector: io.netty.util.ResourceLeakDetector@2c444798
15:10:42.238 [main] DEBUG io.netty.util.internal.PlatformDependent0 - -Dio.netty.noUnsafe: false
15:10:42.239 [main] DEBUG io.netty.util.internal.PlatformDependent0 - Java version: 17
15:10:42.240 [main] DEBUG io.netty.util.internal.PlatformDependent0 - sun.misc.Unsafe.theUnsafe: available
15:10:42.240 [main] DEBUG io.netty.util.internal.PlatformDependent0 - sun.misc.Unsafe.copyMemory: available
15:10:42.241 [main] DEBUG io.netty.util.internal.PlatformDependent0 - sun.misc.Unsafe.storeFence: available
15:10:42.242 [main] DEBUG io.netty.util.internal.PlatformDependent0 - java.nio.Buffer.address: available
15:10:42.243 [main] DEBUG io.netty.util.internal.PlatformDependent0 - direct buffer constructor: unavailable: Reflective setAccessible(true) disabled
15:10:42.243 [main] DEBUG io.netty.util.internal.PlatformDependent0 - java.nio.Bits.unaligned: available, true
15:10:42.244 [main] DEBUG io.netty.util.internal.PlatformDependent0 - jdk.internal.misc.Unsafe.allocateUninitializedArray(int): unavailable: class io.netty.util.internal.PlatformDependent0$7 cannot access class jdk.internal.misc.Unsafe (in module java.base) because module java.base does not export jdk.internal.misc to unnamed module @7e32c033
15:10:42.246 [main] DEBUG io.netty.util.internal.PlatformDependent0 - java.nio.DirectByteBuffer.<init>(long, int): unavailable
15:10:42.247 [main] DEBUG io.netty.util.internal.PlatformDependent - sun.misc.Unsafe: available
15:10:42.248 [main] DEBUG io.netty.util.internal.PlatformDependent - maxDirectMemory: 2097152000 bytes (maybe)
15:10:42.248 [main] DEBUG io.netty.util.internal.PlatformDependent - -Dio.netty.tmpdir: C:\Users\MDASIF~1\AppData\Local\Temp (java.io.tmpdir)
15:10:42.248 [main] DEBUG io.netty.util.internal.PlatformDependent - -Dio.netty.bitMode: 64 (sun.arch.data.model)
15:10:42.249 [main] DEBUG io.netty.util.internal.PlatformDependent - Platform: Windows
15:10:42.250 [main] DEBUG io.netty.util.internal.PlatformDependent - -Dio.netty.maxDirectMemory: -1 bytes
15:10:42.250 [main] DEBUG io.netty.util.internal.PlatformDependent - -Dio.netty.uninitializedArrayAllocationThreshold: -1
15:10:42.251 [main] DEBUG io.netty.util.internal.CleanerJava9 - java.nio.ByteBuffer.cleaner(): available
15:10:42.251 [main] DEBUG io.netty.util.internal.PlatformDependent - -Dio.netty.noPreferDirect: false
15:10:42.258 [main] DEBUG io.netty.util.internal.PlatformDependent - org.jctools-core.MpscChunkedArrayQueue: available
15:10:42.284 [main] DEBUG io.netty.util.internal.InternalThreadLocalMap - -Dio.netty.threadLocalMap.stringBuilder.initialSize: 1024
15:10:42.284 [main] DEBUG io.netty.util.internal.InternalThreadLocalMap - -Dio.netty.threadLocalMap.stringBuilder.maxSize: 4096
15:10:42.495 [main] DEBUG io.netty.handler.ssl.JdkSslContext - Default protocols (JDK): [TLSv1.3, TLSv1.2] 
15:10:42.496 [main] DEBUG io.netty.handler.ssl.JdkSslContext - Default cipher suites (JDK): [TLS_ECDHE_ECDSA_WITH_AES_256_GCM_SHA384, TLS_ECDHE_ECDSA_WITH_AES_128_GCM_SHA256, TLS_ECDHE_RSA_WITH_AES_128_GCM_SHA256, TLS_ECDHE_RSA_WITH_AES_256_GCM_SHA384, TLS_ECDHE_RSA_WITH_AES_128_CBC_SHA, TLS_ECDHE_RSA_WITH_AES_256_CBC_SHA, TLS_RSA_WITH_AES_128_GCM_SHA256, TLS_RSA_WITH_AES_128_CBC_SHA, TLS_RSA_WITH_AES_256_CBC_SHA, TLS_AES_128_GCM_SHA256, TLS_AES_256_GCM_SHA384]
15:10:42.508 [main] DEBUG io.netty.util.concurrent.GlobalEventExecutor - -Dio.netty.globalEventExecutor.quietPeriodSeconds: 1
15:10:42.522 [main] DEBUG io.netty.channel.MultithreadEventLoopGroup - -Dio.netty.eventLoopThreads: 8
15:10:42.540 [main] DEBUG io.netty.channel.nio.NioEventLoop - -Dio.netty.noKeySetOptimization: false
15:10:42.540 [main] DEBUG io.netty.channel.nio.NioEventLoop - -Dio.netty.selectorAutoRebuildThreshold: 512
15:10:42.629 [main] DEBUG io.netty.buffer.PooledByteBufAllocator - -Dio.netty.allocator.numHeapArenas: 8
15:10:42.629 [main] DEBUG io.netty.buffer.PooledByteBufAllocator - -Dio.netty.allocator.numDirectArenas: 8
15:10:42.629 [main] DEBUG io.netty.buffer.PooledByteBufAllocator - -Dio.netty.allocator.pageSize: 8192
15:10:42.629 [main] DEBUG io.netty.buffer.PooledByteBufAllocator - -Dio.netty.allocator.maxOrder: 9
15:10:42.629 [main] DEBUG io.netty.buffer.PooledByteBufAllocator - -Dio.netty.allocator.chunkSize: 4194304
15:10:42.629 [main] DEBUG io.netty.buffer.PooledByteBufAllocator - -Dio.netty.allocator.smallCacheSize: 256
15:10:42.629 [main] DEBUG io.netty.buffer.PooledByteBufAllocator - -Dio.netty.allocator.normalCacheSize: 64
15:10:42.630 [main] DEBUG io.netty.buffer.PooledByteBufAllocator - -Dio.netty.allocator.maxCachedBufferCapacity: 32768
15:10:42.630 [main] DEBUG io.netty.buffer.PooledByteBufAllocator - -Dio.netty.allocator.cacheTrimInterval: 8192
15:10:42.630 [main] DEBUG io.netty.buffer.PooledByteBufAllocator - -Dio.netty.allocator.cacheTrimIntervalMillis: 0
15:10:42.630 [main] DEBUG io.netty.buffer.PooledByteBufAllocator - -Dio.netty.allocator.useCacheForAllThreads: false
15:10:42.630 [main] DEBUG io.netty.buffer.PooledByteBufAllocator - -Dio.netty.allocator.maxCachedByteBuffersPerChunk: 1023
15:10:42.640 [main] DEBUG io.netty.buffer.ByteBufUtil - -Dio.netty.allocator.type: pooled
15:10:42.640 [main] DEBUG io.netty.buffer.ByteBufUtil - -Dio.netty.threadLocalDirectBufferSize: 0
15:10:42.640 [main] DEBUG io.netty.buffer.ByteBufUtil - -Dio.netty.maxThreadLocalCharBufferSize: 16384
15:10:43.855 [Forwarding newSession on session null to remote] DEBUG io.netty.channel.DefaultChannelId - -Dio.netty.processId: 14660 (auto-detected)
15:10:43.857 [Forwarding newSession on session null to remote] DEBUG io.netty.util.NetUtil - -Djava.net.preferIPv4Stack: false
15:10:43.857 [Forwarding newSession on session null to remote] DEBUG io.netty.util.NetUtil - -Djava.net.preferIPv6Addresses: false
15:10:43.869 [Forwarding newSession on session null to remote] DEBUG io.netty.util.NetUtilInitializations - Loopback interface: lo (Software Loopback Interface 1, 127.0.0.1)
15:10:43.870 [Forwarding newSession on session null to remote] DEBUG io.netty.util.NetUtil - Failed to get SOMAXCONN from sysctl and file \proc\sys\net\core\somaxconn. Default: 200
15:10:43.886 [Forwarding newSession on session null to remote] DEBUG io.netty.channel.DefaultChannelId - -Dio.netty.machineId: 34:cf:f6:ff:fe:de:ba:76 (auto-detected)
15:10:43.934 [AsyncHttpClient-1-2] DEBUG io.netty.buffer.AbstractByteBuf - -Dio.netty.buffer.checkAccessible: true
15:10:43.935 [AsyncHttpClient-1-2] DEBUG io.netty.buffer.AbstractByteBuf - -Dio.netty.buffer.checkBounds: true
15:10:43.935 [AsyncHttpClient-1-2] DEBUG io.netty.util.ResourceLeakDetectorFactory - Loaded default ResourceLeakDetector: io.netty.util.ResourceLeakDetector@37dcf334
15:10:43.959 [AsyncHttpClient-1-2] DEBUG io.netty.util.Recycler - -Dio.netty.recycler.maxCapacityPerThread: 4096
15:10:43.959 [AsyncHttpClient-1-2] DEBUG io.netty.util.Recycler - -Dio.netty.recycler.ratio: 8
15:10:43.960 [AsyncHttpClient-1-2] DEBUG io.netty.util.Recycler - -Dio.netty.recycler.chunkSize: 32
15:10:43.960 [AsyncHttpClient-1-2] DEBUG io.netty.util.Recycler - -Dio.netty.recycler.blocking: false
15:10:43.960 [AsyncHttpClient-1-2] DEBUG io.netty.util.Recycler - -Dio.netty.recycler.batchFastThreadLocalOnly: true
15:10:46.985 [AsyncHttpClient-1-2] DEBUG io.netty.handler.codec.compression.Brotli - brotli4j not in the classpath; Brotli support will be unavailable.
15:10:47.175 [main] DEBUG io.netty.util.internal.ThreadLocalRandom - -Dio.netty.initialSeedUniquifier: 0xf4b9979181d9b2bb
15:10:48.651 [main] INFO  testCases.TC_001_AccountRegistrationTest - *** Starting TC_001_AccountRegistrationTest ***
15:10:49.193 [main] INFO  testCases.TC_001_AccountRegistrationTest - Clicked on My Account Link
15:10:49.755 [main] INFO  testCases.TC_001_AccountRegistrationTest - Clicked on registered link
15:10:49.758 [main] INFO  testCases.TC_001_AccountRegistrationTest - Providing customer data
15:10:56.323 [main] INFO  testCases.TC_001_AccountRegistrationTest - Clicked on continue
15:10:56.370 [main] INFO  testCases.TC_001_AccountRegistrationTest - Validating expected message
15:10:56.374 [main] INFO  testCases.TC_001_AccountRegistrationTest - *** Finished TC_001_AccountRegistrationTest***
12:01:52.727 [main] DEBUG io.netty.util.internal.logging.InternalLoggerFactory - Using Log4J2 as the default logging framework
12:01:52.765 [main] DEBUG io.netty.util.ResourceLeakDetector - -Dio.netty.leakDetection.level: simple
12:01:52.765 [main] DEBUG io.netty.util.ResourceLeakDetector - -Dio.netty.leakDetection.targetRecords: 4
12:01:52.773 [main] DEBUG io.netty.util.ResourceLeakDetectorFactory - Loaded default ResourceLeakDetector: io.netty.util.ResourceLeakDetector@2c444798
12:01:52.821 [main] DEBUG io.netty.util.internal.PlatformDependent0 - -Dio.netty.noUnsafe: false
12:01:52.821 [main] DEBUG io.netty.util.internal.PlatformDependent0 - Java version: 17
12:01:52.823 [main] DEBUG io.netty.util.internal.PlatformDependent0 - sun.misc.Unsafe.theUnsafe: available
12:01:52.825 [main] DEBUG io.netty.util.internal.PlatformDependent0 - sun.misc.Unsafe.copyMemory: available
12:01:52.826 [main] DEBUG io.netty.util.internal.PlatformDependent0 - sun.misc.Unsafe.storeFence: available
12:01:52.827 [main] DEBUG io.netty.util.internal.PlatformDependent0 - java.nio.Buffer.address: available
12:01:52.828 [main] DEBUG io.netty.util.internal.PlatformDependent0 - direct buffer constructor: unavailable: Reflective setAccessible(true) disabled
12:01:52.830 [main] DEBUG io.netty.util.internal.PlatformDependent0 - java.nio.Bits.unaligned: available, true
12:01:52.831 [main] DEBUG io.netty.util.internal.PlatformDependent0 - jdk.internal.misc.Unsafe.allocateUninitializedArray(int): unavailable: class io.netty.util.internal.PlatformDependent0$7 cannot access class jdk.internal.misc.Unsafe (in module java.base) because module java.base does not export jdk.internal.misc to unnamed module @7e32c033
12:01:52.834 [main] DEBUG io.netty.util.internal.PlatformDependent0 - java.nio.DirectByteBuffer.<init>(long, int): unavailable
12:01:52.835 [main] DEBUG io.netty.util.internal.PlatformDependent - sun.misc.Unsafe: available
12:01:52.836 [main] DEBUG io.netty.util.internal.PlatformDependent - maxDirectMemory: 2097152000 bytes (maybe)
12:01:52.836 [main] DEBUG io.netty.util.internal.PlatformDependent - -Dio.netty.tmpdir: C:\Users\MDASIF~1\AppData\Local\Temp (java.io.tmpdir)
12:01:52.836 [main] DEBUG io.netty.util.internal.PlatformDependent - -Dio.netty.bitMode: 64 (sun.arch.data.model)
12:01:52.837 [main] DEBUG io.netty.util.internal.PlatformDependent - Platform: Windows
12:01:52.838 [main] DEBUG io.netty.util.internal.PlatformDependent - -Dio.netty.maxDirectMemory: -1 bytes
12:01:52.839 [main] DEBUG io.netty.util.internal.PlatformDependent - -Dio.netty.uninitializedArrayAllocationThreshold: -1
12:01:52.842 [main] DEBUG io.netty.util.internal.CleanerJava9 - java.nio.ByteBuffer.cleaner(): available
12:01:52.843 [main] DEBUG io.netty.util.internal.PlatformDependent - -Dio.netty.noPreferDirect: false
12:01:52.856 [main] DEBUG io.netty.util.internal.PlatformDependent - org.jctools-core.MpscChunkedArrayQueue: available
12:01:52.902 [main] DEBUG io.netty.util.internal.InternalThreadLocalMap - -Dio.netty.threadLocalMap.stringBuilder.initialSize: 1024
12:01:52.902 [main] DEBUG io.netty.util.internal.InternalThreadLocalMap - -Dio.netty.threadLocalMap.stringBuilder.maxSize: 4096
12:01:53.203 [main] DEBUG io.netty.handler.ssl.JdkSslContext - Default protocols (JDK): [TLSv1.3, TLSv1.2] 
12:01:53.203 [main] DEBUG io.netty.handler.ssl.JdkSslContext - Default cipher suites (JDK): [TLS_ECDHE_ECDSA_WITH_AES_256_GCM_SHA384, TLS_ECDHE_ECDSA_WITH_AES_128_GCM_SHA256, TLS_ECDHE_RSA_WITH_AES_128_GCM_SHA256, TLS_ECDHE_RSA_WITH_AES_256_GCM_SHA384, TLS_ECDHE_RSA_WITH_AES_128_CBC_SHA, TLS_ECDHE_RSA_WITH_AES_256_CBC_SHA, TLS_RSA_WITH_AES_128_GCM_SHA256, TLS_RSA_WITH_AES_128_CBC_SHA, TLS_RSA_WITH_AES_256_CBC_SHA, TLS_AES_128_GCM_SHA256, TLS_AES_256_GCM_SHA384]
12:01:53.229 [main] DEBUG io.netty.util.concurrent.GlobalEventExecutor - -Dio.netty.globalEventExecutor.quietPeriodSeconds: 1
12:01:53.268 [main] DEBUG io.netty.channel.MultithreadEventLoopGroup - -Dio.netty.eventLoopThreads: 8
12:01:53.325 [main] DEBUG io.netty.channel.nio.NioEventLoop - -Dio.netty.noKeySetOptimization: false
12:01:53.325 [main] DEBUG io.netty.channel.nio.NioEventLoop - -Dio.netty.selectorAutoRebuildThreshold: 512
12:01:53.440 [main] DEBUG io.netty.buffer.PooledByteBufAllocator - -Dio.netty.allocator.numHeapArenas: 8
12:01:53.440 [main] DEBUG io.netty.buffer.PooledByteBufAllocator - -Dio.netty.allocator.numDirectArenas: 8
12:01:53.440 [main] DEBUG io.netty.buffer.PooledByteBufAllocator - -Dio.netty.allocator.pageSize: 8192
12:01:53.440 [main] DEBUG io.netty.buffer.PooledByteBufAllocator - -Dio.netty.allocator.maxOrder: 9
12:01:53.440 [main] DEBUG io.netty.buffer.PooledByteBufAllocator - -Dio.netty.allocator.chunkSize: 4194304
12:01:53.440 [main] DEBUG io.netty.buffer.PooledByteBufAllocator - -Dio.netty.allocator.smallCacheSize: 256
12:01:53.440 [main] DEBUG io.netty.buffer.PooledByteBufAllocator - -Dio.netty.allocator.normalCacheSize: 64
12:01:53.441 [main] DEBUG io.netty.buffer.PooledByteBufAllocator - -Dio.netty.allocator.maxCachedBufferCapacity: 32768
12:01:53.441 [main] DEBUG io.netty.buffer.PooledByteBufAllocator - -Dio.netty.allocator.cacheTrimInterval: 8192
12:01:53.441 [main] DEBUG io.netty.buffer.PooledByteBufAllocator - -Dio.netty.allocator.cacheTrimIntervalMillis: 0
12:01:53.441 [main] DEBUG io.netty.buffer.PooledByteBufAllocator - -Dio.netty.allocator.useCacheForAllThreads: false
12:01:53.441 [main] DEBUG io.netty.buffer.PooledByteBufAllocator - -Dio.netty.allocator.maxCachedByteBuffersPerChunk: 1023
12:01:53.478 [main] DEBUG io.netty.buffer.ByteBufUtil - -Dio.netty.allocator.type: pooled
12:01:53.479 [main] DEBUG io.netty.buffer.ByteBufUtil - -Dio.netty.threadLocalDirectBufferSize: 0
12:01:53.479 [main] DEBUG io.netty.buffer.ByteBufUtil - -Dio.netty.maxThreadLocalCharBufferSize: 16384
12:01:54.374 [Forwarding newSession on session null to remote] DEBUG io.netty.channel.DefaultChannelId - -Dio.netty.processId: 6748 (auto-detected)
12:01:54.378 [Forwarding newSession on session null to remote] DEBUG io.netty.util.NetUtil - -Djava.net.preferIPv4Stack: false
12:01:54.379 [Forwarding newSession on session null to remote] DEBUG io.netty.util.NetUtil - -Djava.net.preferIPv6Addresses: false
12:01:54.395 [Forwarding newSession on session null to remote] DEBUG io.netty.util.NetUtilInitializations - Loopback interface: lo (Software Loopback Interface 1, 127.0.0.1)
12:01:54.398 [Forwarding newSession on session null to remote] DEBUG io.netty.util.NetUtil - Failed to get SOMAXCONN from sysctl and file \proc\sys\net\core\somaxconn. Default: 200
12:01:54.421 [Forwarding newSession on session null to remote] DEBUG io.netty.channel.DefaultChannelId - -Dio.netty.machineId: 34:cf:f6:ff:fe:de:ba:76 (auto-detected)
12:01:54.511 [AsyncHttpClient-1-2] DEBUG io.netty.buffer.AbstractByteBuf - -Dio.netty.buffer.checkAccessible: true
12:01:54.512 [AsyncHttpClient-1-2] DEBUG io.netty.buffer.AbstractByteBuf - -Dio.netty.buffer.checkBounds: true
12:01:54.512 [AsyncHttpClient-1-2] DEBUG io.netty.util.ResourceLeakDetectorFactory - Loaded default ResourceLeakDetector: io.netty.util.ResourceLeakDetector@5772673e
12:01:54.557 [AsyncHttpClient-1-2] DEBUG io.netty.util.Recycler - -Dio.netty.recycler.maxCapacityPerThread: 4096
12:01:54.557 [AsyncHttpClient-1-2] DEBUG io.netty.util.Recycler - -Dio.netty.recycler.ratio: 8
12:01:54.557 [AsyncHttpClient-1-2] DEBUG io.netty.util.Recycler - -Dio.netty.recycler.chunkSize: 32
12:01:54.557 [AsyncHttpClient-1-2] DEBUG io.netty.util.Recycler - -Dio.netty.recycler.blocking: false
12:01:54.557 [AsyncHttpClient-1-2] DEBUG io.netty.util.Recycler - -Dio.netty.recycler.batchFastThreadLocalOnly: true
12:01:56.659 [AsyncHttpClient-1-2] DEBUG io.netty.handler.codec.compression.Brotli - brotli4j not in the classpath; Brotli support will be unavailable.
12:01:56.920 [main] DEBUG io.netty.util.internal.ThreadLocalRandom - -Dio.netty.initialSeedUniquifier: 0x85bf71d0f2a4edd1
12:01:58.544 [main] INFO  testCases.TC_001_AccountRegistrationTest - *** Starting TC_001_AccountRegistrationTest ***
12:01:59.412 [main] INFO  testCases.TC_001_AccountRegistrationTest - Clicked on My Account Link
12:02:00.172 [main] INFO  testCases.TC_001_AccountRegistrationTest - Clicked on registered link
12:02:00.186 [main] INFO  testCases.TC_001_AccountRegistrationTest - Providing customer data
12:02:07.528 [main] INFO  testCases.TC_001_AccountRegistrationTest - Clicked on continue
12:02:07.603 [main] INFO  testCases.TC_001_AccountRegistrationTest - Validating expected message
12:02:07.603 [main] INFO  testCases.TC_001_AccountRegistrationTest - *** Finished TC_001_AccountRegistrationTest***
12:07:23.012 [main] INFO  testCases.TC_001_AccountRegistrationTest - *** Starting TC_001_AccountRegistrationTest ***
12:07:23.810 [main] INFO  testCases.TC_001_AccountRegistrationTest - Clicked on My Account Link
12:07:24.545 [main] INFO  testCases.TC_001_AccountRegistrationTest - Clicked on registered link
12:07:24.548 [main] INFO  testCases.TC_001_AccountRegistrationTest - Providing customer data
12:07:31.580 [main] INFO  testCases.TC_001_AccountRegistrationTest - Clicked on continue
12:07:31.661 [main] INFO  testCases.TC_001_AccountRegistrationTest - Validating expected message
12:07:31.661 [main] INFO  testCases.TC_001_AccountRegistrationTest - *** Finished TC_001_AccountRegistrationTest***
12:20:33.208 [TestNG-tests-1] INFO  testCases.TC_001_AccountRegistrationTest - *** Starting TC_001_AccountRegistrationTest ***
12:20:35.089 [TestNG-tests-1] INFO  testCases.TC_001_AccountRegistrationTest - Clicked on My Account Link
12:20:38.021 [TestNG-tests-1] INFO  testCases.TC_001_AccountRegistrationTest - Clicked on registered link
12:20:38.042 [TestNG-tests-1] INFO  testCases.TC_001_AccountRegistrationTest - Providing customer data
12:20:51.409 [TestNG-tests-2] INFO  testCases.TC_001_AccountRegistrationTest - *** Starting TC_001_AccountRegistrationTest ***
12:20:52.076 [TestNG-tests-2] INFO  testCases.TC_001_AccountRegistrationTest - Clicked on My Account Link
12:20:52.901 [TestNG-tests-2] INFO  testCases.TC_001_AccountRegistrationTest - Clicked on registered link
12:20:52.906 [TestNG-tests-2] INFO  testCases.TC_001_AccountRegistrationTest - Providing customer data
12:21:01.856 [TestNG-tests-1] INFO  testCases.TC_001_AccountRegistrationTest - Clicked on continue
12:21:01.920 [TestNG-tests-1] INFO  testCases.TC_001_AccountRegistrationTest - Validating expected message
12:21:01.923 [TestNG-tests-1] INFO  testCases.TC_001_AccountRegistrationTest - *** Finished TC_001_AccountRegistrationTest***
12:21:02.983 [TestNG-tests-2] INFO  testCases.TC_001_AccountRegistrationTest - Clicked on continue
12:21:03.105 [TestNG-tests-2] INFO  testCases.TC_001_AccountRegistrationTest - Validating expected message
12:21:03.105 [TestNG-tests-2] INFO  testCases.TC_001_AccountRegistrationTest - *** Finished TC_001_AccountRegistrationTest***
14:39:35.852 [main] INFO  testCases.TC_001_AccountRegistrationTest - *** Starting TC_001_AccountRegistrationTest ***
14:39:36.530 [main] INFO  testCases.TC_001_AccountRegistrationTest - Clicked on My Account Link
14:39:37.515 [main] INFO  testCases.TC_001_AccountRegistrationTest - Clicked on registered link
14:39:37.519 [main] INFO  testCases.TC_001_AccountRegistrationTest - Providing customer data
14:39:46.333 [main] INFO  testCases.TC_001_AccountRegistrationTest - Clicked on continue
14:39:46.427 [main] INFO  testCases.TC_001_AccountRegistrationTest - Validating expected message
14:39:46.432 [main] INFO  testCases.TC_001_AccountRegistrationTest - *** Finished TC_001_AccountRegistrationTest***
14:36:26.459 [main] INFO  testCases.TC_001_AccountRegistrationTest - *** Starting TC_001_AccountRegistrationTest ***
14:36:27.286 [main] INFO  testCases.TC_001_AccountRegistrationTest - Clicked on My Account Link
14:36:28.046 [main] INFO  testCases.TC_001_AccountRegistrationTest - Clicked on registered link
14:36:28.051 [main] INFO  testCases.TC_001_AccountRegistrationTest - Providing customer data
14:36:35.453 [main] INFO  testCases.TC_001_AccountRegistrationTest - Clicked on continue
14:36:35.518 [main] INFO  testCases.TC_001_AccountRegistrationTest - Validating expected message
14:36:35.525 [main] INFO  testCases.TC_001_AccountRegistrationTest - *** Finished TC_001_AccountRegistrationTest***
15:25:18.476 [TestNG-tests-1] INFO  testCases.TC_001_AccountRegistrationTest - *** Starting TC_001_AccountRegistrationTest ***
15:25:19.664 [TestNG-tests-1] INFO  testCases.TC_001_AccountRegistrationTest - Clicked on My Account Link
15:25:23.070 [TestNG-tests-1] INFO  testCases.TC_001_AccountRegistrationTest - Clicked on registered link
15:25:23.085 [TestNG-tests-1] INFO  testCases.TC_001_AccountRegistrationTest - Providing customer data
15:25:24.238 [TestNG-tests-2] INFO  testCases.TC_001_AccountRegistrationTest - *** Starting TC_001_AccountRegistrationTest ***
15:25:24.803 [TestNG-tests-2] INFO  testCases.TC_001_AccountRegistrationTest - Clicked on My Account Link
15:25:28.145 [TestNG-tests-2] INFO  testCases.TC_001_AccountRegistrationTest - Clicked on registered link
15:25:28.147 [TestNG-tests-2] INFO  testCases.TC_001_AccountRegistrationTest - Providing customer data
15:25:33.885 [TestNG-tests-1] INFO  testCases.TC_001_AccountRegistrationTest - Clicked on continue
15:25:33.971 [TestNG-tests-1] INFO  testCases.TC_001_AccountRegistrationTest - Validating expected message
15:25:33.975 [TestNG-tests-1] INFO  testCases.TC_001_AccountRegistrationTest - *** Finished TC_001_AccountRegistrationTest***
15:25:37.030 [TestNG-tests-2] INFO  testCases.TC_001_AccountRegistrationTest - Clicked on continue
15:25:37.353 [TestNG-tests-2] INFO  testCases.TC_001_AccountRegistrationTest - Validating expected message
15:25:37.353 [TestNG-tests-2] INFO  testCases.TC_001_AccountRegistrationTest - *** Finished TC_001_AccountRegistrationTest***
11:22:35.821 [TestNG-tests-1] INFO  testCases.TC_001_AccountRegistrationTest - *** Starting TC_001_AccountRegistrationTest ***
11:22:36.246 [TestNG-tests-1] INFO  testCases.TC_001_AccountRegistrationTest - Clicked on My Account Link
11:22:37.111 [TestNG-tests-1] INFO  testCases.TC_001_AccountRegistrationTest - Clicked on registered link
11:22:37.114 [TestNG-tests-1] INFO  testCases.TC_001_AccountRegistrationTest - Providing customer data
11:22:43.924 [TestNG-tests-1] INFO  testCases.TC_001_AccountRegistrationTest - Clicked on continue
11:22:43.975 [TestNG-tests-1] INFO  testCases.TC_001_AccountRegistrationTest - Validating expected message
11:22:43.991 [TestNG-tests-1] INFO  testCases.TC_001_AccountRegistrationTest - *** Finished TC_001_AccountRegistrationTest***
15:21:05.252 [main] INFO  testCases.TC_001_AccountRegistrationTest - *** Starting TC_001_AccountRegistrationTest ***
15:21:05.410 [main] INFO  testCases.TC_001_AccountRegistrationTest - Clicked on My Account Link
15:21:06.110 [main] INFO  testCases.TC_001_AccountRegistrationTest - Clicked on registered link
15:21:06.129 [main] INFO  testCases.TC_001_AccountRegistrationTest - Providing customer data
15:21:13.951 [main] INFO  testCases.TC_001_AccountRegistrationTest - Clicked on continue
15:21:14.014 [main] INFO  testCases.TC_001_AccountRegistrationTest - Validating expected message
15:21:14.017 [main] INFO  testCases.TC_001_AccountRegistrationTest - *** Finished TC_001_AccountRegistrationTest***
15:22:46.177 [main] INFO  testCases.TC_001_AccountRegistrationTest - *** Starting TC_001_AccountRegistrationTest ***
15:22:46.623 [main] INFO  testCases.TC_001_AccountRegistrationTest - Clicked on My Account Link
15:22:47.265 [main] INFO  testCases.TC_001_AccountRegistrationTest - Clicked on registered link
15:22:47.268 [main] INFO  testCases.TC_001_AccountRegistrationTest - Providing customer data
15:22:54.899 [main] INFO  testCases.TC_001_AccountRegistrationTest - Clicked on continue
15:23:04.992 [main] INFO  testCases.TC_001_AccountRegistrationTest - Validating expected message
12:13:22.623 [main] INFO  testCases.TC_001_AccountRegistrationTest - *** Starting TC_001_AccountRegistrationTest ***
12:13:23.058 [main] INFO  testCases.TC_001_AccountRegistrationTest - Clicked on My Account Link
12:13:24.007 [main] INFO  testCases.TC_001_AccountRegistrationTest - Clicked on registered link
12:13:24.014 [main] INFO  testCases.TC_001_AccountRegistrationTest - Providing customer data
12:13:31.031 [main] INFO  testCases.TC_001_AccountRegistrationTest - Clicked on continue
12:13:41.093 [main] INFO  testCases.TC_001_AccountRegistrationTest - Validating expected message
12:13:57.177 [main] INFO  testCases.TC_002_LoginTest - Starting TC_002_LoginTest
12:13:59.796 [main] INFO  testCases.TC_002_LoginTest -  Finished TC_002_LoginTest
12:15:21.674 [main] INFO  testCases.TC_002_LoginTest - Starting TC_002_LoginTest
12:15:24.229 [main] INFO  testCases.TC_002_LoginTest -  Finished TC_002_LoginTest
17:42:22.380 [main] INFO  testCases.TC_002_LoginTest - Starting TC_002_LoginTest
17:42:24.024 [main] INFO  testCases.TC_002_LoginTest -  Finished TC_002_LoginTest
18:01:38.189 [main] INFO  testCases.TC_002_LoginTest - Starting TC_002_LoginTest
18:01:39.908 [main] INFO  testCases.TC_002_LoginTest -  Finished TC_002_LoginTest
10:26:10.142 [main] INFO  testCases.TC_002_LoginTest - Starting TC_002_LoginTest
10:26:12.614 [main] INFO  testCases.TC_002_LoginTest -  Finished TC_002_LoginTest
10:34:18.797 [main] INFO  testCases.TC_002_LoginTest - Starting TC_002_LoginTest
10:34:21.323 [main] INFO  testCases.TC_002_LoginTest -  Finished TC_002_LoginTest
14:33:34.152 [main] INFO  testCases.TC_002_LoginTest - Starting TC_002_LoginTest
14:33:36.592 [main] INFO  testCases.TC_002_LoginTest -  Finished TC_002_LoginTest
13:14:32.078 [main] INFO  testCases.TC_002_LoginTest - Starting TC_002_LoginTest
13:14:34.067 [main] INFO  testCases.TC_002_LoginTest -  Finished TC_002_LoginTest
17:43:52.291 [main] INFO  testCases.TC_002_LoginTest - Starting TC_002_LoginTest
17:43:54.433 [main] INFO  testCases.TC_002_LoginTest -  Finished TC_002_LoginTest
15:29:51.470 [main] INFO  testCases.TC_002_LoginTest - Starting TC_002_LoginTest
15:29:55.381 [main] INFO  testCases.TC_002_LoginTest -  Finished TC_002_LoginTest
16:40:22.487 [main] INFO  testCases.TC_002_LoginTest - Starting TC_002_LoginTest
16:40:25.555 [main] INFO  testCases.TC_002_LoginTest -  Finished TC_002_LoginTest
12:38:41.274 [main] INFO  testCases.TC_002_LoginTest - Starting TC_002_LoginTest
12:38:43.769 [main] INFO  testCases.TC_002_LoginTest -  Finished TC_002_LoginTest
12:30:04.203 [main] INFO  testCases.TC_002_LoginTest - Starting TC_002_LoginTest
12:30:05.786 [main] INFO  testCases.TC_002_LoginTest -  Finished TC_002_LoginTest
18:29:47.970 [TestNG-tests-1] INFO  testCases.TC_001_AccountRegistrationTest - *** Starting TC_001_AccountRegistrationTest ***
18:29:48.500 [TestNG-tests-1] INFO  testCases.TC_001_AccountRegistrationTest - Clicked on My Account Link
18:29:48.973 [TestNG-tests-1] INFO  testCases.TC_001_AccountRegistrationTest - Clicked on registered link
18:29:48.979 [TestNG-tests-1] INFO  testCases.TC_001_AccountRegistrationTest - Providing customer data
18:29:56.033 [TestNG-tests-1] INFO  testCases.TC_001_AccountRegistrationTest - Clicked on continue
18:30:00.916 [TestNG-tests-2] INFO  testCases.TC_001_AccountRegistrationTest - *** Starting TC_001_AccountRegistrationTest ***
18:30:01.111 [TestNG-tests-2] INFO  testCases.TC_001_AccountRegistrationTest - Clicked on My Account Link
18:30:05.300 [TestNG-tests-2] INFO  testCases.TC_001_AccountRegistrationTest - Clicked on registered link
18:30:05.304 [TestNG-tests-2] INFO  testCases.TC_001_AccountRegistrationTest - Providing customer data
18:30:06.428 [TestNG-tests-1] INFO  testCases.TC_001_AccountRegistrationTest - Validating expected message
18:30:11.454 [TestNG-tests-2] ERROR testCases.TC_001_AccountRegistrationTest - test failed
11:21:28.192 [main] INFO  testCases.TC_002_LoginTest - Starting TC_002_LoginTest
11:21:30.880 [main] INFO  testCases.TC_002_LoginTest -  Finished TC_002_LoginTest
12:20:53.743 [main] INFO  testCases.TC_002_LoginTest - Starting TC_002_LoginTest
12:20:57.005 [main] INFO  testCases.TC_002_LoginTest -  Finished TC_002_LoginTest
16:09:33.739 [main] INFO  testCases.TC_002_LoginTest - Starting TC_002_LoginTest
16:09:35.830 [main] INFO  testCases.TC_002_LoginTest -  Finished TC_002_LoginTest
16:25:04.867 [main] INFO  testCases.TC_002_LoginTest - Starting TC_002_LoginTest
16:25:06.839 [main] INFO  testCases.TC_002_LoginTest -  Finished TC_002_LoginTest
16:33:30.823 [TestNG-tests-1] INFO  testCases.TC_001_AccountRegistrationTest - *** Starting TC_001_AccountRegistrationTest ***
16:33:31.451 [TestNG-tests-1] INFO  testCases.TC_001_AccountRegistrationTest - Clicked on My Account Link
16:33:33.071 [TestNG-tests-1] INFO  testCases.TC_001_AccountRegistrationTest - Clicked on registered link
16:33:33.075 [TestNG-tests-1] INFO  testCases.TC_001_AccountRegistrationTest - Providing customer data
16:33:37.447 [TestNG-tests-2] INFO  testCases.TC_001_AccountRegistrationTest - *** Starting TC_001_AccountRegistrationTest ***
16:33:37.621 [TestNG-tests-2] INFO  testCases.TC_001_AccountRegistrationTest - Clicked on My Account Link
16:33:38.081 [TestNG-tests-2] INFO  testCases.TC_001_AccountRegistrationTest - Clicked on registered link
16:33:38.082 [TestNG-tests-2] INFO  testCases.TC_001_AccountRegistrationTest - Providing customer data
16:33:39.605 [TestNG-tests-1] INFO  testCases.TC_001_AccountRegistrationTest - Clicked on continue
16:33:44.358 [TestNG-tests-2] INFO  testCases.TC_001_AccountRegistrationTest - Clicked on continue
16:33:49.638 [TestNG-tests-1] INFO  testCases.TC_001_AccountRegistrationTest - Validating expected message
16:33:54.422 [TestNG-tests-2] INFO  testCases.TC_001_AccountRegistrationTest - Validating expected message
18:03:46.156 [TestNG-tests-2] INFO  testCases.TC_001_AccountRegistrationTest - *** Starting TC_001_AccountRegistrationTest ***
18:03:46.156 [TestNG-tests-1] INFO  testCases.TC_001_AccountRegistrationTest - *** Starting TC_001_AccountRegistrationTest ***
18:03:56.382 [TestNG-tests-1] ERROR testCases.TC_001_AccountRegistrationTest - test failed
18:04:06.456 [TestNG-tests-2] ERROR testCases.TC_001_AccountRegistrationTest - test failed
10:43:10.988 [main] INFO  testCases.TC_002_LoginTest - Starting TC_002_LoginTest
10:43:13.209 [main] INFO  testCases.TC_002_LoginTest -  Finished TC_002_LoginTest
11:31:44.522 [TestNG-tests-1] INFO  testCases.TC_001_AccountRegistrationTest - *** Starting TC_001_AccountRegistrationTest ***
11:31:49.744 [TestNG-tests-2] INFO  testCases.TC_001_AccountRegistrationTest - *** Starting TC_001_AccountRegistrationTest ***
11:31:50.035 [TestNG-tests-2] INFO  testCases.TC_001_AccountRegistrationTest - Clicked on My Account Link
11:31:50.707 [TestNG-tests-2] INFO  testCases.TC_001_AccountRegistrationTest - Clicked on registered link
11:31:50.714 [TestNG-tests-2] INFO  testCases.TC_001_AccountRegistrationTest - Providing customer data
11:31:51.622 [TestNG-tests-1] INFO  testCases.TC_001_AccountRegistrationTest - Clicked on My Account Link
11:31:52.616 [TestNG-tests-1] INFO  testCases.TC_001_AccountRegistrationTest - Clicked on registered link
11:31:52.619 [TestNG-tests-1] INFO  testCases.TC_001_AccountRegistrationTest - Providing customer data
11:31:57.944 [TestNG-tests-2] INFO  testCases.TC_001_AccountRegistrationTest - Clicked on continue
11:32:14.160 [TestNG-tests-2] INFO  testCases.TC_001_AccountRegistrationTest - Validating expected message
11:32:15.608 [TestNG-tests-1] ERROR testCases.TC_001_AccountRegistrationTest - test failed
12:25:35.348 [main] INFO  testCases.TC_002_LoginTest - Starting TC_002_LoginTest
12:25:37.537 [main] INFO  testCases.TC_002_LoginTest -  Finished TC_002_LoginTest
10:36:20.890 [main] INFO  testCases.TC_002_LoginTest - Starting TC_002_LoginTest
10:36:23.414 [main] INFO  testCases.TC_002_LoginTest -  Finished TC_002_LoginTest
11:00:21.035 [TestNG-tests-1] INFO  testCases.TC_001_AccountRegistrationTest - *** Starting TC_001_AccountRegistrationTest ***
11:00:26.770 [TestNG-tests-2] INFO  testCases.TC_001_AccountRegistrationTest - *** Starting TC_001_AccountRegistrationTest ***
11:00:26.938 [TestNG-tests-2] INFO  testCases.TC_001_AccountRegistrationTest - Clicked on My Account Link
11:00:28.492 [TestNG-tests-2] INFO  testCases.TC_001_AccountRegistrationTest - Clicked on registered link
11:00:28.498 [TestNG-tests-2] INFO  testCases.TC_001_AccountRegistrationTest - Providing customer data
11:00:31.323 [TestNG-tests-1] ERROR testCases.TC_001_AccountRegistrationTest - test failed
11:00:53.190 [TestNG-tests-2] ERROR testCases.TC_001_AccountRegistrationTest - test failed
12:07:08.792 [main] INFO  testCases.TC_002_LoginTest - Starting TC_002_LoginTest
12:07:10.510 [main] INFO  testCases.TC_002_LoginTest - Starting TC_002_LoginTest
12:07:14.319 [main] INFO  testCases.TC_002_LoginTest -  Finished TC_002_LoginTest
12:07:29.625 [main] INFO  testCases.TC_002_LoginTest -  Finished TC_002_LoginTest
12:54:37.089 [TestNG-tests-1] INFO  testCases.TC_001_AccountRegistrationTest - *** Starting TC_001_AccountRegistrationTest ***
12:54:38.173 [TestNG-tests-1] ERROR testCases.TC_001_AccountRegistrationTest - test failed
10:31:09.280 [main] INFO  testCases.TC_002_LoginTest - Starting TC_002_LoginTest
10:31:12.239 [main] INFO  testCases.TC_002_LoginTest -  Finished TC_002_LoginTest
10:32:36.700 [main] INFO  testCases.TC_002_LoginTest - Starting TC_002_LoginTest
10:32:39.176 [main] INFO  testCases.TC_002_LoginTest -  Finished TC_002_LoginTest
10:33:44.644 [TestNG-tests-2] INFO  testCases.TC_001_AccountRegistrationTest - *** Starting TC_001_AccountRegistrationTest ***
10:33:44.643 [TestNG-tests-1] INFO  testCases.TC_001_AccountRegistrationTest - *** Starting TC_001_AccountRegistrationTest ***
10:33:44.912 [TestNG-tests-1] INFO  testCases.TC_001_AccountRegistrationTest - Clicked on My Account Link
10:33:44.962 [TestNG-tests-2] INFO  testCases.TC_001_AccountRegistrationTest - Clicked on My Account Link
10:33:55.006 [TestNG-tests-1] ERROR testCases.TC_001_AccountRegistrationTest - test failed
10:34:05.044 [TestNG-tests-2] ERROR testCases.TC_001_AccountRegistrationTest - test failed
11:42:49.136 [main] INFO  testCases.TC_002_LoginTest - Starting TC_002_LoginTest
11:42:50.605 [main] INFO  testCases.TC_002_LoginTest -  Finished TC_002_LoginTest
11:45:08.396 [TestNG-tests-1] INFO  testCases.TC_001_AccountRegistrationTest - *** Starting TC_001_AccountRegistrationTest ***
11:45:08.911 [TestNG-tests-1] INFO  testCases.TC_001_AccountRegistrationTest - Clicked on My Account Link
11:45:09.474 [TestNG-tests-1] INFO  testCases.TC_001_AccountRegistrationTest - Clicked on registered link
11:45:09.477 [TestNG-tests-1] INFO  testCases.TC_001_AccountRegistrationTest - Providing customer data
11:45:15.226 [TestNG-tests-2] INFO  testCases.TC_001_AccountRegistrationTest - *** Starting TC_001_AccountRegistrationTest ***
11:45:15.494 [TestNG-tests-2] INFO  testCases.TC_001_AccountRegistrationTest - Clicked on My Account Link
11:45:16.135 [TestNG-tests-2] INFO  testCases.TC_001_AccountRegistrationTest - Clicked on registered link
11:45:16.137 [TestNG-tests-2] INFO  testCases.TC_001_AccountRegistrationTest - Providing customer data
11:45:16.345 [TestNG-tests-1] INFO  testCases.TC_001_AccountRegistrationTest - Clicked on continue
11:45:26.388 [TestNG-tests-2] INFO  testCases.TC_001_AccountRegistrationTest - Clicked on continue
11:45:26.421 [TestNG-tests-1] INFO  testCases.TC_001_AccountRegistrationTest - Validating expected message
11:45:36.412 [TestNG-tests-2] INFO  testCases.TC_001_AccountRegistrationTest - Validating expected message
11:55:50.186 [TestNG-tests-2] INFO  testCases.TC_001_AccountRegistrationTest - *** Starting TC_001_AccountRegistrationTest ***
11:55:50.186 [TestNG-tests-1] INFO  testCases.TC_001_AccountRegistrationTest - *** Starting TC_001_AccountRegistrationTest ***
11:55:50.370 [TestNG-tests-2] INFO  testCases.TC_001_AccountRegistrationTest - Clicked on My Account Link
11:55:50.438 [TestNG-tests-1] INFO  testCases.TC_001_AccountRegistrationTest - Clicked on My Account Link
11:56:00.450 [TestNG-tests-2] ERROR testCases.TC_001_AccountRegistrationTest - test failed
11:56:10.541 [TestNG-tests-1] ERROR testCases.TC_001_AccountRegistrationTest - test failed
12:06:11.174 [TestNG-tests-1] INFO  testCases.TC_001_AccountRegistrationTest - *** Starting TC_001_AccountRegistrationTest ***
12:06:11.166 [TestNG-tests-2] INFO  testCases.TC_001_AccountRegistrationTest - *** Starting TC_001_AccountRegistrationTest ***
12:06:11.396 [TestNG-tests-1] INFO  testCases.TC_001_AccountRegistrationTest - Clicked on My Account Link
12:06:11.474 [TestNG-tests-2] INFO  testCases.TC_001_AccountRegistrationTest - Clicked on My Account Link
12:06:21.535 [TestNG-tests-1] ERROR testCases.TC_001_AccountRegistrationTest - test failed
12:06:31.540 [TestNG-tests-2] ERROR testCases.TC_001_AccountRegistrationTest - test failed
12:44:33.740 [TestNG-tests-1] INFO  testCases.TC_001_AccountRegistrationTest - *** Starting TC_001_AccountRegistrationTest ***
12:44:33.930 [TestNG-tests-1] ERROR testCases.TC_001_AccountRegistrationTest - test failed
13:24:39.844 [main] INFO  testCases.TC_002_LoginTest - Starting TC_002_LoginTest
13:24:42.726 [main] INFO  testCases.TC_002_LoginTest -  Finished TC_002_LoginTest
16:33:04.236 [main] INFO  testCases.TC_002_LoginTest - Starting TC_002_LoginTest
16:33:07.342 [main] INFO  testCases.TC_002_LoginTest -  Finished TC_002_LoginTest
16:39:39.160 [main] INFO  testCases.TC_002_LoginTest - Starting TC_002_LoginTest
16:39:42.210 [main] INFO  testCases.TC_002_LoginTest -  Finished TC_002_LoginTest
10:53:49.386 [main] INFO  testCases.TC_002_LoginTest - Starting TC_002_LoginTest
10:53:52.179 [main] INFO  testCases.TC_002_LoginTest -  Finished TC_002_LoginTest
11:53:35.446 [main] INFO  testCases.TC_002_LoginTest - Starting TC_002_LoginTest
11:53:38.632 [main] INFO  testCases.TC_002_LoginTest -  Finished TC_002_LoginTest
11:12:21.453 [main] INFO  testCases.TC_002_LoginTest - Starting TC_002_LoginTest
11:12:23.519 [main] INFO  testCases.TC_002_LoginTest -  Finished TC_002_LoginTest
11:15:07.985 [main] INFO  testCases.TC_002_LoginTest - Starting TC_002_LoginTest
11:15:10.351 [main] INFO  testCases.TC_002_LoginTest -  Finished TC_002_LoginTest
11:23:43.559 [TestNG-tests-1] INFO  testCases.TC_001_AccountRegistrationTest - *** Starting TC_001_AccountRegistrationTest ***
11:23:45.272 [TestNG-tests-1] INFO  testCases.TC_001_AccountRegistrationTest - Clicked on My Account Link
11:23:46.793 [TestNG-tests-1] INFO  testCases.TC_001_AccountRegistrationTest - Clicked on registered link
11:23:46.801 [TestNG-tests-1] INFO  testCases.TC_001_AccountRegistrationTest - Providing customer data
11:23:52.291 [TestNG-tests-2] INFO  testCases.TC_001_AccountRegistrationTest - *** Starting TC_001_AccountRegistrationTest ***
11:23:52.697 [TestNG-tests-2] INFO  testCases.TC_001_AccountRegistrationTest - Clicked on My Account Link
11:23:53.136 [TestNG-tests-2] INFO  testCases.TC_001_AccountRegistrationTest - Clicked on registered link
11:23:53.138 [TestNG-tests-2] INFO  testCases.TC_001_AccountRegistrationTest - Providing customer data
11:23:53.448 [TestNG-tests-1] INFO  testCases.TC_001_AccountRegistrationTest - Clicked on continue
11:24:03.502 [TestNG-tests-1] INFO  testCases.TC_001_AccountRegistrationTest - Validating expected message
11:24:05.379 [TestNG-tests-2] ERROR testCases.TC_001_AccountRegistrationTest - test failed
12:51:01.989 [TestNG-tests-1] INFO  testCases.TC_001_AccountRegistrationTest - *** Starting TC_001_AccountRegistrationTest ***
12:51:03.229 [TestNG-tests-1] INFO  testCases.TC_001_AccountRegistrationTest - Clicked on My Account Link
12:51:04.489 [TestNG-tests-1] INFO  testCases.TC_001_AccountRegistrationTest - Clicked on registered link
12:51:04.502 [TestNG-tests-1] INFO  testCases.TC_001_AccountRegistrationTest - Providing customer data
12:51:04.696 [TestNG-tests-2] INFO  testCases.TC_001_AccountRegistrationTest - *** Starting TC_001_AccountRegistrationTest ***
12:51:14.726 [TestNG-tests-1] ERROR testCases.TC_001_AccountRegistrationTest - test failed
12:51:16.232 [TestNG-tests-2] ERROR testCases.TC_001_AccountRegistrationTest - test failed
10:52:41.362 [main] INFO  testCases.TC_002_LoginTest - Starting TC_002_LoginTest
10:52:42.762 [main] INFO  testCases.TC_002_LoginTest -  Finished TC_002_LoginTest
11:55:03.085 [TestNG-tests-2] INFO  testCases.TC_001_AccountRegistrationTest - *** Starting TC_001_AccountRegistrationTest ***
11:55:03.085 [TestNG-tests-1] INFO  testCases.TC_001_AccountRegistrationTest - *** Starting TC_001_AccountRegistrationTest ***
11:55:03.690 [TestNG-tests-1] INFO  testCases.TC_001_AccountRegistrationTest - Clicked on My Account Link
11:55:03.789 [TestNG-tests-2] INFO  testCases.TC_001_AccountRegistrationTest - Clicked on My Account Link
11:55:13.904 [TestNG-tests-1] ERROR testCases.TC_001_AccountRegistrationTest - test failed
11:55:23.955 [TestNG-tests-2] ERROR testCases.TC_001_AccountRegistrationTest - test failed
16:34:51.488 [TestNG-tests-1] INFO  testCases.TC_001_AccountRegistrationTest - *** Starting TC_001_AccountRegistrationTest ***
16:34:52.141 [TestNG-tests-1] INFO  testCases.TC_001_AccountRegistrationTest - Clicked on My Account Link
16:34:52.738 [TestNG-tests-1] INFO  testCases.TC_001_AccountRegistrationTest - Clicked on registered link
16:34:52.742 [TestNG-tests-1] INFO  testCases.TC_001_AccountRegistrationTest - Providing customer data
16:34:58.190 [TestNG-tests-2] INFO  testCases.TC_001_AccountRegistrationTest - *** Starting TC_001_AccountRegistrationTest ***
16:34:58.415 [TestNG-tests-2] INFO  testCases.TC_001_AccountRegistrationTest - Clicked on My Account Link
16:35:00.140 [TestNG-tests-2] INFO  testCases.TC_001_AccountRegistrationTest - Clicked on registered link
16:35:00.141 [TestNG-tests-2] INFO  testCases.TC_001_AccountRegistrationTest - Providing customer data
16:35:00.254 [TestNG-tests-1] INFO  testCases.TC_001_AccountRegistrationTest - Clicked on continue
16:35:06.681 [TestNG-tests-2] INFO  testCases.TC_001_AccountRegistrationTest - Clicked on continue
16:35:10.334 [TestNG-tests-1] INFO  testCases.TC_001_AccountRegistrationTest - Validating expected message
16:35:16.711 [TestNG-tests-2] INFO  testCases.TC_001_AccountRegistrationTest - Validating expected message
17:03:32.775 [TestNG-tests-1] INFO  testCases.TC_001_AccountRegistrationTest - *** Starting TC_001_AccountRegistrationTest ***
17:03:32.785 [TestNG-tests-2] INFO  testCases.TC_001_AccountRegistrationTest - *** Starting TC_001_AccountRegistrationTest ***
17:03:33.001 [TestNG-tests-1] INFO  testCases.TC_001_AccountRegistrationTest - Clicked on My Account Link
17:03:33.053 [TestNG-tests-2] INFO  testCases.TC_001_AccountRegistrationTest - Clicked on My Account Link
17:03:43.168 [TestNG-tests-1] ERROR testCases.TC_001_AccountRegistrationTest - test failed
17:03:53.288 [TestNG-tests-2] ERROR testCases.TC_001_AccountRegistrationTest - test failed
10:42:19.116 [main] INFO  testCases.TC_002_LoginTest - Starting TC_002_LoginTest
10:42:21.836 [main] INFO  testCases.TC_002_LoginTest -  Finished TC_002_LoginTest
13:35:33.106 [TestNG-tests-1] INFO  testCases.TC_001_AccountRegistrationTest - *** Starting TC_001_AccountRegistrationTest ***
13:35:33.761 [TestNG-tests-1] INFO  testCases.TC_001_AccountRegistrationTest - Clicked on My Account Link
13:35:34.904 [TestNG-tests-1] INFO  testCases.TC_001_AccountRegistrationTest - Clicked on registered link
13:35:34.937 [TestNG-tests-1] INFO  testCases.TC_001_AccountRegistrationTest - Providing customer data
13:35:45.531 [TestNG-tests-1] INFO  testCases.TC_001_AccountRegistrationTest - Clicked on continue
13:35:46.709 [TestNG-tests-2] INFO  testCases.TC_001_AccountRegistrationTest - *** Starting TC_001_AccountRegistrationTest ***
13:35:47.609 [TestNG-tests-2] INFO  testCases.TC_001_AccountRegistrationTest - Clicked on My Account Link
13:35:49.921 [TestNG-tests-2] INFO  testCases.TC_001_AccountRegistrationTest - Clicked on registered link
13:35:49.922 [TestNG-tests-2] INFO  testCases.TC_001_AccountRegistrationTest - Providing customer data
